\BOOKMARK [-1][]{ctitle.-1}{\376\377\127\372\116\216\000C\000o\000r\000t\000e\000x\000M\166\204\135\114\121\145\137\017\133\236\145\366\144\315\117\134\174\373\176\337\213\276\213\241\116\016\133\236\163\260}{}% 1
\BOOKMARK [0][]{cabstract.0}{\376\377\144\130\000\040\000\040\211\201}{ctitle.-1}% 2
\BOOKMARK [0][]{eabstract.0}{\376\377\000A\000B\000S\000T\000R\000A\000C\000T}{ctitle.-1}% 3
\BOOKMARK [0][]{mulu.0}{\376\377\166\356\000\040\000\040\137\125}{ctitle.-1}% 4
\BOOKMARK [0][]{section*.5}{\376\377\173\054\116\000\172\340\000\040\000\040\176\352\213\272}{ctitle.-1}% 5
\BOOKMARK [0][]{section*.6}{\376\377\173\054\116\214\172\340\000\040\000\040\213\276\213\241}{ctitle.-1}% 6
\BOOKMARK [1][]{section*.7}{\376\377\0002\000.\0000\000.\0001\000\040\122\035\210\167}{section*.6}% 7
\BOOKMARK [2][]{section*.8}{\376\377\0002\000.\0000\000.\0002\000\040\147\266\147\204\213\276\213\241}{section*.7}% 8
\BOOKMARK [0][]{section*.9}{\376\377\173\054\116\011\172\340\000\040\000\040\133\236\163\260}{ctitle.-1}% 9
\BOOKMARK [1][]{section*.10}{\376\377\0003\000.\0001\000\040\000S\000t\000a\000r\000t\000U\000p}{section*.9}% 10
\BOOKMARK [2][]{section*.11}{\376\377\0003\000.\0001\000.\0001\000\040\000I\000n\000t\000e\000r\000r\000u\000p\000t\000\040\000V\000e\000c\000t\000o\000r\000\040\000T\000a\000b\000l\000e}{section*.10}% 11
\BOOKMARK [2][]{section*.13}{\376\377\0003\000.\0001\000.\0002\000\040\000B\000O\000O\000T}{section*.10}% 12
\BOOKMARK [2][]{section*.17}{\376\377\0003\000.\0001\000.\0003\000\040\000S\000t\000a\000r\000t\000U\000p\000\040\000c\000o\000d\000e}{section*.10}% 13
\BOOKMARK [1][]{section*.18}{\376\377\0003\000.\0002\000\040\000I\000n\000t\000e\000r\000r\000u\000p\000t}{section*.9}% 14
\BOOKMARK [2][]{section*.20}{\376\377\0003\000.\0002\000.\0001\000\040\000S\000y\000s\000T\000i\000c\000k}{section*.18}% 15
\BOOKMARK [2][]{section*.21}{\376\377\0003\000.\0002\000.\0002\000\040\000P\000e\000n\000d\000S\000V\000\040}{section*.18}% 16
\BOOKMARK [1][]{section*.22}{\376\377\0003\000.\0003\000\040\000T\000C\000B}{section*.9}% 17
\BOOKMARK [1][]{section*.23}{\376\377\0003\000.\0004\000\040\000C\000o\000n\000t\000e\000x\000t\000\040\000S\000w\000i\000t\000c\000h}{section*.9}% 18
\BOOKMARK [1][]{section*.24}{\376\377\0003\000.\0005\000\040\000T\000h\000r\000e\000a\000d\000\040\000S\000c\000h\000e\000d\000u\000l\000i\000n\000g}{section*.9}% 19
\BOOKMARK [1][]{section*.25}{\376\377\0003\000.\0006\000\040\000C\000r\000i\000t\000i\000c\000a\000l\000\040\000S\000e\000c\000t\000i\000o\000n}{section*.9}% 20
\BOOKMARK [1][]{section*.26}{\376\377\0003\000.\0007\000\040\000S\000e\000m\000p\000h\000o\000r\000e}{section*.9}% 21
\BOOKMARK [1][]{section*.27}{\376\377\0003\000.\0008\000\040\000M\000u\000t\000e\000x}{section*.9}% 22
\BOOKMARK [1][]{section*.28}{\376\377\0003\000.\0009\000\040\000M\000Q}{section*.9}% 23
\BOOKMARK [0][]{section*.29}{\376\377\176\323\000\040\213\272}{ctitle.-1}% 24
\BOOKMARK [0][]{section*.32}{\376\377\123\302\200\003\145\207\163\056}{ctitle.-1}% 25
\BOOKMARK [0][]{section*.33}{\376\377\131\026\145\207\215\104\145\231}{ctitle.-1}% 26
\BOOKMARK [0][]{section*.35}{\376\377\116\055\145\207\213\321\145\207}{ctitle.-1}% 27
\BOOKMARK [0][]{section*.37}{\376\377\201\364\000\040\214\042}{ctitle.-1}% 28
