Open On-Chip Debugger 0.10.0
Licensed under GNU GPL v2
For bug reports, read
	http://openocd.org/doc/doxygen/bugs.html
Info : The selected transport took over low-level target control. The results might differ compared to plain JTAG/SWD
adapter speed: 500 kHz
Info : RCLK (adaptive clock speed)
Error: open failed
in procedure 'init' 
in procedure 'ocd_bouncer'

Open On-Chip Debugger 0.10.0
Licensed under GNU GPL v2
For bug reports, read
	http://openocd.org/doc/doxygen/bugs.html
Info : The selected transport took over low-level target control. The results might differ compared to plain JTAG/SWD
adapter speed: 500 kHz
Info : RCLK (adaptive clock speed)
Error: open failed
in procedure 'init' 
in procedure 'ocd_bouncer'

Open On-Chip Debugger 0.10.0
Licensed under GNU GPL v2
For bug reports, read
	http://openocd.org/doc/doxygen/bugs.html
Info : The selected transport took over low-level target control. The results might differ compared to plain JTAG/SWD
adapter speed: 500 kHz
Info : RCLK (adaptive clock speed)
Error: open failed
in procedure 'init' 
in procedure 'ocd_bouncer'

Open On-Chip Debugger 0.10.0
Licensed under GNU GPL v2
For bug reports, read
	http://openocd.org/doc/doxygen/bugs.html
Info : The selected transport took over low-level target control. The results might differ compared to plain JTAG/SWD
adapter speed: 500 kHz
Info : RCLK (adaptive clock speed)
Error: open failed
in procedure 'init' 
in procedure 'ocd_bouncer'

Open On-Chip Debugger 0.10.0
Licensed under GNU GPL v2
For bug reports, read
	http://openocd.org/doc/doxygen/bugs.html
Info : The selected transport took over low-level target control. The results might differ compared to plain JTAG/SWD
adapter speed: 500 kHz
Info : RCLK (adaptive clock speed)
Error: open failed
in procedure 'init' 
in procedure 'ocd_bouncer'

Open On-Chip Debugger 0.10.0
Licensed under GNU GPL v2
For bug reports, read
	http://openocd.org/doc/doxygen/bugs.html
Info : The selected transport took over low-level target control. The results might differ compared to plain JTAG/SWD
adapter speed: 500 kHz
Info : RCLK (adaptive clock speed)
Error: open failed
in procedure 'init' 
in procedure 'ocd_bouncer'

Open On-Chip Debugger 0.10.0
Licensed under GNU GPL v2
For bug reports, read
	http://openocd.org/doc/doxygen/bugs.html
Info : The selected transport took over low-level target control. The results might differ compared to plain JTAG/SWD
adapter speed: 500 kHz
Info : RCLK (adaptive clock speed)
Error: open failed
in procedure 'init' 
in procedure 'ocd_bouncer'

Open On-Chip Debugger 0.10.0
Licensed under GNU GPL v2
For bug reports, read
	http://openocd.org/doc/doxygen/bugs.html
Info : The selected transport took over low-level target control. The results might differ compared to plain JTAG/SWD
adapter speed: 500 kHz
Info : RCLK (adaptive clock speed)
Error: open failed
in procedure 'init' 
in procedure 'ocd_bouncer'

Open On-Chip Debugger 0.10.0
Licensed under GNU GPL v2
For bug reports, read
	http://openocd.org/doc/doxygen/bugs.html
Info : The selected transport took over low-level target control. The results might differ compared to plain JTAG/SWD
adapter speed: 500 kHz
Info : RCLK (adaptive clock speed)
Error: open failed
in procedure 'init' 
in procedure 'ocd_bouncer'

Open On-Chip Debugger 0.10.0
Licensed under GNU GPL v2
For bug reports, read
	http://openocd.org/doc/doxygen/bugs.html
Info : The selected transport took over low-level target control. The results might differ compared to plain JTAG/SWD
adapter speed: 500 kHz
Info : RCLK (adaptive clock speed)
Error: open failed
in procedure 'init' 
in procedure 'ocd_bouncer'

Open On-Chip Debugger 0.10.0
Licensed under GNU GPL v2
For bug reports, read
	http://openocd.org/doc/doxygen/bugs.html
Info : The selected transport took over low-level target control. The results might differ compared to plain JTAG/SWD
adapter speed: 500 kHz
Info : RCLK (adaptive clock speed)
Error: open failed
in procedure 'init' 
in procedure 'ocd_bouncer'

Open On-Chip Debugger 0.10.0
Licensed under GNU GPL v2
For bug reports, read
	http://openocd.org/doc/doxygen/bugs.html
Info : The selected transport took over low-level target control. The results might differ compared to plain JTAG/SWD
adapter speed: 500 kHz
Info : RCLK (adaptive clock speed)
Error: open failed
in procedure 'init' 
in procedure 'ocd_bouncer'

Open On-Chip Debugger 0.10.0
Licensed under GNU GPL v2
For bug reports, read
	http://openocd.org/doc/doxygen/bugs.html
Info : The selected transport took over low-level target control. The results might differ compared to plain JTAG/SWD
adapter speed: 500 kHz
Info : RCLK (adaptive clock speed)
Error: open failed
in procedure 'init' 
in procedure 'ocd_bouncer'

Open On-Chip Debugger 0.10.0
Licensed under GNU GPL v2
For bug reports, read
	http://openocd.org/doc/doxygen/bugs.html
Info : The selected transport took over low-level target control. The results might differ compared to plain JTAG/SWD
adapter speed: 500 kHz
Info : RCLK (adaptive clock speed)
Error: open failed
in procedure 'init' 
in procedure 'ocd_bouncer'

Open On-Chip Debugger 0.10.0
Licensed under GNU GPL v2
For bug reports, read
	http://openocd.org/doc/doxygen/bugs.html
Info : The selected transport took over low-level target control. The results might differ compared to plain JTAG/SWD
adapter speed: 500 kHz
Info : RCLK (adaptive clock speed)
Error: open failed
in procedure 'init' 
in procedure 'ocd_bouncer'

Open On-Chip Debugger 0.10.0
Licensed under GNU GPL v2
For bug reports, read
	http://openocd.org/doc/doxygen/bugs.html
Info : The selected transport took over low-level target control. The results might differ compared to plain JTAG/SWD
adapter speed: 500 kHz
Info : RCLK (adaptive clock speed)
Error: open failed
in procedure 'init' 
in procedure 'ocd_bouncer'

Open On-Chip Debugger 0.10.0
Licensed under GNU GPL v2
For bug reports, read
	http://openocd.org/doc/doxygen/bugs.html
Info : The selected transport took over low-level target control. The results might differ compared to plain JTAG/SWD
adapter speed: 500 kHz
Info : RCLK (adaptive clock speed)
Error: open failed
in procedure 'init' 
in procedure 'ocd_bouncer'

Open On-Chip Debugger 0.10.0
Licensed under GNU GPL v2
For bug reports, read
	http://openocd.org/doc/doxygen/bugs.html
Info : The selected transport took over low-level target control. The results might differ compared to plain JTAG/SWD
adapter speed: 500 kHz
Info : RCLK (adaptive clock speed)
Error: open failed
in procedure 'init' 
in procedure 'ocd_bouncer'

Open On-Chip Debugger 0.10.0
Licensed under GNU GPL v2
For bug reports, read
	http://openocd.org/doc/doxygen/bugs.html
Info : The selected transport took over low-level target control. The results might differ compared to plain JTAG/SWD
adapter speed: 500 kHz
Info : RCLK (adaptive clock speed)
Error: open failed
in procedure 'init' 
in procedure 'ocd_bouncer'

Open On-Chip Debugger 0.10.0
Licensed under GNU GPL v2
For bug reports, read
	http://openocd.org/doc/doxygen/bugs.html
Info : The selected transport took over low-level target control. The results might differ compared to plain JTAG/SWD
adapter speed: 500 kHz
Info : RCLK (adaptive clock speed)
Error: open failed
in procedure 'init' 
in procedure 'ocd_bouncer'

Open On-Chip Debugger 0.10.0
Licensed under GNU GPL v2
For bug reports, read
	http://openocd.org/doc/doxygen/bugs.html
Info : The selected transport took over low-level target control. The results might differ compared to plain JTAG/SWD
adapter speed: 500 kHz
Info : RCLK (adaptive clock speed)
Error: open failed
in procedure 'init' 
in procedure 'ocd_bouncer'

Open On-Chip Debugger 0.10.0
Licensed under GNU GPL v2
For bug reports, read
	http://openocd.org/doc/doxygen/bugs.html
Info : The selected transport took over low-level target control. The results might differ compared to plain JTAG/SWD
adapter speed: 500 kHz
Info : RCLK (adaptive clock speed)
Error: open failed
in procedure 'init' 
in procedure 'ocd_bouncer'

Open On-Chip Debugger 0.10.0
Licensed under GNU GPL v2
For bug reports, read
	http://openocd.org/doc/doxygen/bugs.html
Info : The selected transport took over low-level target control. The results might differ compared to plain JTAG/SWD
adapter speed: 500 kHz
Info : RCLK (adaptive clock speed)
Error: open failed
in procedure 'init' 
in procedure 'ocd_bouncer'

Open On-Chip Debugger 0.10.0
Licensed under GNU GPL v2
For bug reports, read
	http://openocd.org/doc/doxygen/bugs.html
Info : The selected transport took over low-level target control. The results might differ compared to plain JTAG/SWD
adapter speed: 500 kHz
Info : RCLK (adaptive clock speed)
Error: open failed
in procedure 'init' 
in procedure 'ocd_bouncer'

Open On-Chip Debugger 0.10.0
Licensed under GNU GPL v2
For bug reports, read
	http://openocd.org/doc/doxygen/bugs.html
Info : The selected transport took over low-level target control. The results might differ compared to plain JTAG/SWD
adapter speed: 500 kHz
Info : RCLK (adaptive clock speed)
Error: open failed
in procedure 'init' 
in procedure 'ocd_bouncer'

Open On-Chip Debugger 0.10.0
Licensed under GNU GPL v2
For bug reports, read
	http://openocd.org/doc/doxygen/bugs.html
Info : The selected transport took over low-level target control. The results might differ compared to plain JTAG/SWD
adapter speed: 500 kHz
Info : RCLK (adaptive clock speed)
Error: open failed
in procedure 'init' 
in procedure 'ocd_bouncer'

Open On-Chip Debugger 0.10.0
Licensed under GNU GPL v2
For bug reports, read
	http://openocd.org/doc/doxygen/bugs.html
Info : The selected transport took over low-level target control. The results might differ compared to plain JTAG/SWD
adapter speed: 500 kHz
Info : RCLK (adaptive clock speed)
Error: open failed
in procedure 'init' 
in procedure 'ocd_bouncer'

